
Chromatic CLI v7.6.0
https://www.chromatic.com/docs/cli

Authenticating with Chromatic
    → Connecting to https://index.chromatic.com
Authenticated with Chromatic
    → Using project token '********80ff'
Retrieving git information
    → ✖ Unable to execute command: git --no-pager log -n 1 --format="%H ## %ct ## %ae ## %an" 
Chromatic only works from inside a Git repository.

✖ Failed to retrieve git information
✖ Unable to execute command: git --no-pager log -n 1 --format="%H ## %ct ## %ae ## %an" 
Chromatic only works from inside a Git repository.
→ View the full stacktrace below

If you need help, please chat with us at https://www.chromatic.com/docs/cli for the fastest response.
You can also email the team at support@chromatic.com if chat is not an option.

Please provide us with the above CLI output and the following info:
{
  "timestamp": "2023-11-06T08:18:45.575Z",
  "sessionId": "4bb93621-b990-4dc3-a20e-29a4c87b9b9b",
  "nodePlatform": "darwin",
  "nodeVersion": "16.16.0",
  "packageName": "chromatic",
  "packageVersion": "7.6.0",
  "flags": {
    "projectToken": [
      "7c1e3acb80ff"
    ],
    "autoAcceptChanges": "",
    "outputDir": [],
    "storybookBuildDir": [],
    "externals": [],
    "onlyStoryFiles": [],
    "onlyStoryNames": [],
    "untraced": [],
    "interactive": true,
    "appCode": []
  },
  "configuration": {},
  "buildScript": "storybook build",
  "exitCode": 0,
  "exitCodeKey": "OK",
  "errorType": "Error",
  "errorMessage": "✖ Failed to retrieve git information"
}

Error: ✖ Failed to retrieve git information
✖ Unable to execute command: git --no-pager log -n 1 --format="%H ## %ct ## %ae ## %an" 
Chromatic only works from inside a Git repository.
    at bs (/Users/haajutran/Work/pdf-drag/node_modules/chromatic/dist/bin.js:99:189)
    at processTicksAndRejections (node:internal/process/task_queues:96:5)
    at async mb (/Users/haajutran/Work/pdf-drag/node_modules/chromatic/dist/bin.js:99:660)
    at async nde (/Users/haajutran/Work/pdf-drag/node_modules/chromatic/dist/bin.js:708:81)
    at async Rvn (/Users/haajutran/Work/pdf-drag/node_modules/chromatic/dist/bin.js:814:138)
    at async XV.task (/Users/haajutran/Work/pdf-drag/node_modules/chromatic/dist/bin.js:286:12749)
